  Source.cpp
d:\мойгит\nuar\nuar_start\nuar_start\source.cpp(126): warning C4018: >=: несоответствие типов со знаком и без знака
d:\мойгит\nuar\nuar_start\nuar_start\source.cpp(130): warning C4018: >=: несоответствие типов со знаком и без знака
d:\мойгит\nuar\nuar_start\nuar_start\source.cpp(153): warning C4018: >=: несоответствие типов со знаком и без знака
d:\мойгит\nuar\nuar_start\nuar_start\source.cpp(154): warning C4018: >=: несоответствие типов со знаком и без знака
d:\мойгит\nuar\nuar_start\nuar_start\source.cpp(185): warning C4018: >=: несоответствие типов со знаком и без знака
d:\мойгит\nuar\nuar_start\nuar_start\source.cpp(189): warning C4018: >=: несоответствие типов со знаком и без знака
d:\мойгит\nuar\nuar_start\nuar_start\source.cpp(205): warning C4018: >=: несоответствие типов со знаком и без знака
d:\мойгит\nuar\nuar_start\nuar_start\source.cpp(206): warning C4018: >=: несоответствие типов со знаком и без знака
d:\мойгит\nuar\nuar_start\nuar_start\source.cpp(227): warning C4018: <: несоответствие типов со знаком и без знака
d:\мойгит\nuar\nuar_start\nuar_start\source.cpp(228): warning C4018: <: несоответствие типов со знаком и без знака
d:\мойгит\nuar\nuar_start\nuar_start\source.cpp(250): warning C4018: <: несоответствие типов со знаком и без знака
d:\мойгит\nuar\nuar_start\nuar_start\source.cpp(251): warning C4018: <: несоответствие типов со знаком и без знака
d:\мойгит\nuar\nuar_start\nuar_start\source.cpp(260): warning C4018: <: несоответствие типов со знаком и без знака
d:\мойгит\nuar\nuar_start\nuar_start\source.cpp(261): warning C4018: <: несоответствие типов со знаком и без знака
d:\мойгит\nuar\nuar_start\nuar_start\source.cpp(276): warning C4018: >=: несоответствие типов со знаком и без знака
d:\мойгит\nuar\nuar_start\nuar_start\source.cpp(277): warning C4018: >=: несоответствие типов со знаком и без знака
d:\мойгит\nuar\nuar_start\nuar_start\source.cpp(306): warning C4018: >=: несоответствие типов со знаком и без знака
d:\мойгит\nuar\nuar_start\nuar_start\source.cpp(314): warning C4018: <: несоответствие типов со знаком и без знака
d:\мойгит\nuar\nuar_start\nuar_start\source.cpp(319): warning C4018: <: несоответствие типов со знаком и без знака
d:\мойгит\nuar\nuar_start\nuar_start\source.cpp(331): warning C4018: <: несоответствие типов со знаком и без знака
d:\мойгит\nuar\nuar_start\nuar_start\source.cpp(337): warning C4018: <: несоответствие типов со знаком и без знака
d:\мойгит\nuar\nuar_start\nuar_start\source.cpp(342): warning C4018: <: несоответствие типов со знаком и без знака
d:\мойгит\nuar\nuar_start\nuar_start\source.cpp(354): warning C4018: <: несоответствие типов со знаком и без знака
d:\мойгит\nuar\nuar_start\nuar_start\source.cpp(366): warning C4018: <: несоответствие типов со знаком и без знака
d:\мойгит\nuar\nuar_start\nuar_start\source.cpp(367): warning C4018: <: несоответствие типов со знаком и без знака
d:\мойгит\nuar\nuar_start\nuar_start\source.cpp(558): warning C4244: аргумент: преобразование "time_t" в "unsigned int", возможна потеря данных
d:\мойгит\nuar\nuar_start\nuar_start\source.cpp(271): warning C4715: NField::Hide: значение возвращается не при всех путях выполнения
  Nuar_Start.vcxproj -> D:\МойГит\Nuar\Nuar_Start\Debug\Nuar_Start.exe
